Arguments: 
  /usr/bin/node /usr/bin/yarn

PATH: 
  /home/sovlookup/.local/bin:/home/sovlookup/.local/bin:/usr/local/sbin:/usr/local/bin:/usr/bin:/var/lib/flatpak/exports/bin:/usr/lib/jvm/default/bin:/usr/bin/site_perl:/usr/bin/vendor_perl:/usr/bin/core_perl:/var/lib/snapd/snap/bin:/var/lib/flatpak/exports/bin:/usr/lib/jvm/default/bin:/home/sovlookup/.nimble/bin:/home/sovlookup/go/bin:/home/sovlookup/.nimble/bin:/home/sovlookup/go/bin

Yarn version: 
  1.22.10

Node version: 
  15.6.0

Platform: 
  linux x64

Trace: 
  Error: ENOENT: no such file or directory, copyfile '/home/sovlookup/.cache/yarn/v6/npm-has-flag-3.0.0-b5d454dc2199ae225699f3467e5a07f3b955bafd-integrity/node_modules/has-flag/readme.md' -> '/home/sovlookup/桌面/svelte-template-master/node_modules/chalk/node_modules/has-flag/readme.md'

npm manifest: 
  {
    "name": "svelte-app",
    "version": "1.0.0",
    "scripts": {
      "build": "rollup -c",
      "dev": "rollup -c -w",
      "start": "sirv public"
    },
    "devDependencies": {
      "@rollup/plugin-commonjs": "^17.0.0",
      "@rollup/plugin-node-resolve": "^11.0.0",
      "rollup": "^2.3.4",
      "rollup-plugin-css-only": "^3.1.0",
      "rollup-plugin-livereload": "^2.0.0",
      "rollup-plugin-svelte": "^7.0.0",
      "rollup-plugin-terser": "^7.0.0",
      "svelte": "^3.0.0"
    },
    "dependencies": {
      "sirv-cli": "^1.0.0"
    }
  }

yarn manifest: 
  No manifest

Lockfile: 
  No lockfile
